mode: set
github.com/restinthemiddle/restinthemiddle/internal/zapwriter/zapwriter.go:35.71,50.2 14 0
github.com/restinthemiddle/restinthemiddle/internal/zapwriter/zapwriter.go:53.74,65.2 2 0
github.com/restinthemiddle/restinthemiddle/internal/zapwriter/zapwriter.go:74.66,77.23 3 0
github.com/restinthemiddle/restinthemiddle/internal/zapwriter/zapwriter.go:77.23,79.3 1 0
github.com/restinthemiddle/restinthemiddle/internal/zapwriter/zapwriter.go:81.2,82.52 2 0
github.com/restinthemiddle/restinthemiddle/internal/zapwriter/zapwriter.go:82.52,83.32 1 0
github.com/restinthemiddle/restinthemiddle/internal/zapwriter/zapwriter.go:83.32,85.4 1 0
github.com/restinthemiddle/restinthemiddle/internal/zapwriter/zapwriter.go:88.2,89.109 2 0
github.com/restinthemiddle/restinthemiddle/internal/zapwriter/zapwriter.go:89.109,90.34 1 0
github.com/restinthemiddle/restinthemiddle/internal/zapwriter/zapwriter.go:90.34,92.4 1 0
github.com/restinthemiddle/restinthemiddle/internal/zapwriter/zapwriter.go:95.2,106.44 9 0
github.com/restinthemiddle/restinthemiddle/internal/zapwriter/zapwriter.go:106.44,107.32 1 0
github.com/restinthemiddle/restinthemiddle/internal/zapwriter/zapwriter.go:107.32,109.4 1 0
github.com/restinthemiddle/restinthemiddle/internal/zapwriter/zapwriter.go:112.2,113.30 2 0
github.com/restinthemiddle/restinthemiddle/internal/zapwriter/zapwriter.go:113.30,114.10 1 0
github.com/restinthemiddle/restinthemiddle/internal/zapwriter/zapwriter.go:114.10,115.134 1 0
github.com/restinthemiddle/restinthemiddle/internal/zapwriter/zapwriter.go:115.134,117.5 1 0
github.com/restinthemiddle/restinthemiddle/internal/zapwriter/zapwriter.go:119.4,120.18 2 0
github.com/restinthemiddle/restinthemiddle/internal/zapwriter/zapwriter.go:120.18,124.5 2 0
github.com/restinthemiddle/restinthemiddle/internal/zapwriter/zapwriter.go:125.4,128.50 3 0
github.com/restinthemiddle/restinthemiddle/internal/zapwriter/zapwriter.go:132.2,147.12 2 0
github.com/restinthemiddle/restinthemiddle/cmd/restinthemiddle/main.go:19.13,21.16 2 0
github.com/restinthemiddle/restinthemiddle/cmd/restinthemiddle/main.go:21.16,23.3 1 0
github.com/restinthemiddle/restinthemiddle/cmd/restinthemiddle/main.go:25.2,26.16 2 0
github.com/restinthemiddle/restinthemiddle/cmd/restinthemiddle/main.go:26.16,28.3 1 0
github.com/restinthemiddle/restinthemiddle/cmd/restinthemiddle/main.go:29.2,35.58 4 0
github.com/restinthemiddle/restinthemiddle/cmd/restinthemiddle/main.go:38.47,76.35 19 0
github.com/restinthemiddle/restinthemiddle/cmd/restinthemiddle/main.go:76.35,78.3 1 0
github.com/restinthemiddle/restinthemiddle/cmd/restinthemiddle/main.go:81.2,94.55 12 0
github.com/restinthemiddle/restinthemiddle/cmd/restinthemiddle/main.go:94.55,96.3 1 0
github.com/restinthemiddle/restinthemiddle/cmd/restinthemiddle/main.go:98.2,105.16 5 0
github.com/restinthemiddle/restinthemiddle/cmd/restinthemiddle/main.go:105.16,107.3 1 0
github.com/restinthemiddle/restinthemiddle/cmd/restinthemiddle/main.go:109.2,114.41 4 0
github.com/restinthemiddle/restinthemiddle/cmd/restinthemiddle/main.go:114.41,115.56 1 0
github.com/restinthemiddle/restinthemiddle/cmd/restinthemiddle/main.go:115.56,117.4 1 0
github.com/restinthemiddle/restinthemiddle/cmd/restinthemiddle/main.go:120.2,121.42 2 0
github.com/restinthemiddle/restinthemiddle/cmd/restinthemiddle/main.go:121.42,123.3 1 0
github.com/restinthemiddle/restinthemiddle/cmd/restinthemiddle/main.go:126.2,126.25 1 0
github.com/restinthemiddle/restinthemiddle/cmd/restinthemiddle/main.go:126.25,128.3 1 0
github.com/restinthemiddle/restinthemiddle/cmd/restinthemiddle/main.go:129.2,129.27 1 0
github.com/restinthemiddle/restinthemiddle/cmd/restinthemiddle/main.go:129.27,131.3 1 0
github.com/restinthemiddle/restinthemiddle/cmd/restinthemiddle/main.go:132.2,132.26 1 0
github.com/restinthemiddle/restinthemiddle/cmd/restinthemiddle/main.go:132.26,134.3 1 0
github.com/restinthemiddle/restinthemiddle/cmd/restinthemiddle/main.go:135.2,137.19 3 0
github.com/restinthemiddle/restinthemiddle/cmd/restinthemiddle/main.go:137.19,139.3 1 0
github.com/restinthemiddle/restinthemiddle/cmd/restinthemiddle/main.go:140.2,142.27 3 0
github.com/restinthemiddle/restinthemiddle/cmd/restinthemiddle/main.go:142.27,144.3 1 0
github.com/restinthemiddle/restinthemiddle/cmd/restinthemiddle/main.go:145.2,145.31 1 0
github.com/restinthemiddle/restinthemiddle/cmd/restinthemiddle/main.go:145.31,147.3 1 0
github.com/restinthemiddle/restinthemiddle/cmd/restinthemiddle/main.go:150.2,150.31 1 0
github.com/restinthemiddle/restinthemiddle/cmd/restinthemiddle/main.go:150.31,152.12 2 0
github.com/restinthemiddle/restinthemiddle/cmd/restinthemiddle/main.go:152.12,154.4 1 0
github.com/restinthemiddle/restinthemiddle/cmd/restinthemiddle/main.go:158.2,160.32 3 0
github.com/restinthemiddle/restinthemiddle/cmd/restinthemiddle/main.go:160.32,162.3 1 0
github.com/restinthemiddle/restinthemiddle/cmd/restinthemiddle/main.go:163.2,165.29 2 0
github.com/restinthemiddle/restinthemiddle/cmd/restinthemiddle/main.go:165.29,167.3 1 0
github.com/restinthemiddle/restinthemiddle/cmd/restinthemiddle/main.go:169.2,171.56 2 0
github.com/restinthemiddle/restinthemiddle/cmd/restinthemiddle/main.go:171.56,173.3 1 0
github.com/restinthemiddle/restinthemiddle/cmd/restinthemiddle/main.go:175.2,175.46 1 0
github.com/restinthemiddle/restinthemiddle/pkg/core/config/config.go:41.71,42.27 1 1
github.com/restinthemiddle/restinthemiddle/pkg/core/config/config.go:42.27,44.3 1 1
github.com/restinthemiddle/restinthemiddle/pkg/core/config/config.go:46.2,47.22 2 1
github.com/restinthemiddle/restinthemiddle/pkg/core/config/config.go:47.22,49.3 1 1
github.com/restinthemiddle/restinthemiddle/pkg/core/config/config.go:51.2,63.3 1 1
github.com/restinthemiddle/restinthemiddle/pkg/core/config/config.go:66.54,67.19 1 1
github.com/restinthemiddle/restinthemiddle/pkg/core/config/config.go:67.19,69.3 1 1
github.com/restinthemiddle/restinthemiddle/pkg/core/config/config.go:70.2,71.16 2 0
github.com/restinthemiddle/restinthemiddle/pkg/core/config/config.go:71.16,73.3 1 0
github.com/restinthemiddle/restinthemiddle/pkg/core/config/config.go:74.2,74.14 1 0
github.com/restinthemiddle/restinthemiddle/pkg/core/config/config.go:77.50,79.16 2 1
github.com/restinthemiddle/restinthemiddle/pkg/core/config/config.go:79.16,81.3 1 1
github.com/restinthemiddle/restinthemiddle/pkg/core/config/config.go:82.2,82.12 1 1
github.com/restinthemiddle/restinthemiddle/pkg/core/config/config.go:86.38,90.2 3 0
github.com/restinthemiddle/restinthemiddle/pkg/core/core.go:18.62,30.103 8 1
github.com/restinthemiddle/restinthemiddle/pkg/core/core.go:30.103,32.3 1 0
github.com/restinthemiddle/restinthemiddle/pkg/core/core.go:35.73,37.2 1 0
github.com/restinthemiddle/restinthemiddle/pkg/core/core.go:39.55,40.25 1 0
github.com/restinthemiddle/restinthemiddle/pkg/core/core.go:40.25,42.3 1 0
github.com/restinthemiddle/restinthemiddle/pkg/core/core.go:44.2,44.126 1 0
github.com/restinthemiddle/restinthemiddle/pkg/core/core.go:44.126,46.3 1 0
github.com/restinthemiddle/restinthemiddle/pkg/core/core.go:48.2,48.34 1 0
github.com/restinthemiddle/restinthemiddle/pkg/core/server.go:14.85,16.2 1 0
github.com/restinthemiddle/restinthemiddle/pkg/core/transport/transport.go:39.78,54.2 3 1
github.com/restinthemiddle/restinthemiddle/pkg/core/transport/transport.go:57.89,60.25 2 1
github.com/restinthemiddle/restinthemiddle/pkg/core/transport/transport.go:60.25,61.10 1 0
github.com/restinthemiddle/restinthemiddle/pkg/core/transport/transport.go:61.10,62.121 1 0
github.com/restinthemiddle/restinthemiddle/pkg/core/transport/transport.go:62.121,64.5 1 0
github.com/restinthemiddle/restinthemiddle/pkg/core/transport/transport.go:66.4,67.18 2 0
github.com/restinthemiddle/restinthemiddle/pkg/core/transport/transport.go:67.18,70.5 2 0
github.com/restinthemiddle/restinthemiddle/pkg/core/transport/transport.go:71.4,72.48 2 0
github.com/restinthemiddle/restinthemiddle/pkg/core/transport/transport.go:76.2,82.34 4 1
github.com/restinthemiddle/restinthemiddle/pkg/core/transport/transport.go:82.34,84.4 1 1
github.com/restinthemiddle/restinthemiddle/pkg/core/transport/transport.go:85.40,87.4 1 1
github.com/restinthemiddle/restinthemiddle/pkg/core/transport/transport.go:88.32,90.4 1 1
github.com/restinthemiddle/restinthemiddle/pkg/core/transport/transport.go:91.29,93.4 1 0
github.com/restinthemiddle/restinthemiddle/pkg/core/transport/transport.go:94.61,96.4 1 0
github.com/restinthemiddle/restinthemiddle/pkg/core/transport/transport.go:99.2,110.22 8 1
github.com/restinthemiddle/restinthemiddle/pkg/core/transport/transport.go:113.83,118.2 4 1
github.com/restinthemiddle/restinthemiddle/pkg/core/proxy/proxy.go:28.54,33.2 1 1
github.com/restinthemiddle/restinthemiddle/pkg/core/proxy/proxy.go:36.68,38.2 1 1
github.com/restinthemiddle/restinthemiddle/pkg/core/proxy/proxy.go:41.66,43.2 1 1
github.com/restinthemiddle/restinthemiddle/pkg/core/proxy/proxy.go:50.76,52.2 1 1
github.com/restinthemiddle/restinthemiddle/pkg/core/proxy/proxy.go:54.92,56.38 2 1
github.com/restinthemiddle/restinthemiddle/pkg/core/proxy/proxy.go:56.38,60.43 3 1
github.com/restinthemiddle/restinthemiddle/pkg/core/proxy/proxy.go:60.43,63.4 2 1
github.com/restinthemiddle/restinthemiddle/pkg/core/proxy/proxy.go:65.3,65.47 1 1
github.com/restinthemiddle/restinthemiddle/pkg/core/proxy/proxy.go:65.47,67.4 1 1
github.com/restinthemiddle/restinthemiddle/pkg/core/proxy/proxy.go:69.3,69.48 1 1
github.com/restinthemiddle/restinthemiddle/pkg/core/proxy/proxy.go:69.48,71.4 1 1
github.com/restinthemiddle/restinthemiddle/pkg/core/proxy/proxy.go:73.3,73.47 1 1
github.com/restinthemiddle/restinthemiddle/pkg/core/proxy/proxy.go:73.47,74.27 1 1
github.com/restinthemiddle/restinthemiddle/pkg/core/proxy/proxy.go:74.27,76.5 1 0
github.com/restinthemiddle/restinthemiddle/pkg/core/proxy/proxy.go:76.10,77.33 1 1
github.com/restinthemiddle/restinthemiddle/pkg/core/proxy/proxy.go:77.33,79.6 1 0
github.com/restinthemiddle/restinthemiddle/pkg/core/proxy/proxy.go:79.11,81.6 1 1
github.com/restinthemiddle/restinthemiddle/pkg/core/proxy/proxy.go:85.3,85.46 1 1
github.com/restinthemiddle/restinthemiddle/pkg/core/proxy/proxy.go:85.46,87.4 1 1
github.com/restinthemiddle/restinthemiddle/pkg/core/proxy/proxy.go:89.3,92.50 3 1
github.com/restinthemiddle/restinthemiddle/pkg/core/proxy/proxy.go:92.50,94.4 1 1
github.com/restinthemiddle/restinthemiddle/pkg/core/proxy/proxy.go:94.9,96.4 1 0
github.com/restinthemiddle/restinthemiddle/pkg/core/proxy/proxy.go:99.3,102.20 3 1
github.com/restinthemiddle/restinthemiddle/pkg/core/proxy/proxy.go:102.20,106.16 2 0
github.com/restinthemiddle/restinthemiddle/pkg/core/proxy/proxy.go:106.16,109.5 1 0
github.com/restinthemiddle/restinthemiddle/pkg/core/proxy/proxy.go:112.3,112.38 1 1
github.com/restinthemiddle/restinthemiddle/pkg/core/proxy/proxy.go:112.38,114.4 1 1
github.com/restinthemiddle/restinthemiddle/pkg/core/proxy/proxy.go:117.2,123.3 2 1
github.com/restinthemiddle/restinthemiddle/pkg/core/proxy/proxy.go:126.45,129.9 3 1
github.com/restinthemiddle/restinthemiddle/pkg/core/proxy/proxy.go:130.24,131.19 1 0
github.com/restinthemiddle/restinthemiddle/pkg/core/proxy/proxy.go:132.26,133.21 1 0
github.com/restinthemiddle/restinthemiddle/pkg/core/proxy/proxy.go:135.2,135.14 1 1
